[0.000000] (-) TimerEvent: {}
[0.000060] (pubsub_package) JobQueued: {'identifier': 'pubsub_package', 'dependencies': OrderedDict()}
[0.000317] (pubsub_package) JobStarted: {'identifier': 'pubsub_package'}
[0.099831] (-) TimerEvent: {}
[0.200126] (-) TimerEvent: {}
[0.300416] (-) TimerEvent: {}
[0.347113] (pubsub_package) Command: {'cmd': ['/usr/bin/python3', '-W', 'ignore:setup.py install is deprecated', '-W', 'ignore:easy_install command is deprecated', 'setup.py', 'egg_info', '--egg-base', '../build/pubsub_package', 'build', '--build-base', '/home/v2v/Desktop/lessons/_normal/RobotPractice/ros2_ws/build/pubsub_package/build', 'install', '--record', '/home/v2v/Desktop/lessons/_normal/RobotPractice/ros2_ws/build/pubsub_package/install.log', '--single-version-externally-managed', 'install_data'], 'cwd': '/home/v2v/Desktop/lessons/_normal/RobotPractice/ros2_ws/pubsub_package', 'env': {'GJS_DEBUG_TOPICS': 'JS ERROR;JS LOG', 'LESSOPEN': '| /usr/bin/lesspipe %s', 'VSCODE_CWD': '/home/v2v', 'VSCODE_ESM_ENTRYPOINT': 'vs/workbench/api/node/extensionHostProcess', 'LANGUAGE': 'zh_CN:en', 'USER': 'v2v', 'LC_TIME': 'zh_CN.UTF-8', 'VSCODE_NLS_CONFIG': '{"userLocale":"zh-cn","osLocale":"zh-cn","resolvedLanguage":"en","defaultMessagesFile":"/usr/share/cursor/resources/app/out/nls.messages.json","locale":"zh-cn","availableLanguages":{}}', 'VSCODE_HANDLES_UNCAUGHT_ERRORS': 'true', 'XDG_SESSION_TYPE': 'wayland', 'SHLVL': '1', 'LD_LIBRARY_PATH': '/opt/ros/humble/opt/rviz_ogre_vendor/lib:/opt/ros/humble/lib/x86_64-linux-gnu:/opt/ros/humble/lib', 'HOME': '/home/v2v', 'CHROME_DESKTOP': 'cursor.desktop', 'OLDPWD': '/home/v2v/Desktop/lessons/_normal/RobotPractice/ros2_ws', 'DESKTOP_SESSION': 'ubuntu', 'VSCODE_IPC_HOOK': '/run/user/1000/vscode-29d27d06-2.2.-main.sock', 'GIO_LAUNCHED_DESKTOP_FILE': '/usr/share/applications/cursor.desktop', 'ROS_PYTHON_VERSION': '3', 'GNOME_SHELL_SESSION_MODE': 'ubuntu', 'GTK_MODULES': 'gail:atk-bridge', 'LC_MONETARY': 'zh_CN.UTF-8', 'MANAGERPID': '1593', 'SYSTEMD_EXEC_PID': '1768', 'IM_CONFIG_CHECK_ENV': '1', 'NO_COLOR': '1', 'DBUS_SESSION_BUS_ADDRESS': 'unix:path=/run/user/1000/bus', 'GIO_LAUNCHED_DESKTOP_FILE_PID': '6512', 'VSCODE_CRASH_REPORTER_PROCESS_TYPE': 'extensionHost', 'IM_CONFIG_PHASE': '1', 'WAYLAND_DISPLAY': 'wayland-0', 'ROS_DISTRO': 'humble', 'LOGNAME': 'v2v', 'FORCE_COLOR': '0', 'IGN_GAZEBO_MODEL_PATH': '/opt/ros/humble/share', 'JOURNAL_STREAM': '8:21714', '_': '/usr/bin/colcon', 'ROS_VERSION': '2', 'XDG_SESSION_CLASS': 'user', 'USERNAME': 'v2v', 'TERM': 'dumb', 'EVERYSPHERE_RIPGREP_PATH': '/usr/share/cursor/resources/app/node_modules/@vscode/ripgrep/bin/rg', 'GAZEBO_MODEL_PATH': '/opt/ros/humble/share', 'GNOME_DESKTOP_SESSION_ID': 'this-is-deprecated', 'ROS_LOCALHOST_ONLY': '0', 'COMPOSER_NO_INTERACTION': '1', 'PATH': '/opt/ros/humble/bin:/usr/local/sbin:/usr/local/bin:/usr/sbin:/usr/bin:/sbin:/bin:/usr/games:/usr/local/games:/snap/bin:/snap/bin', 'SESSION_MANAGER': 'local/Elysian:@/tmp/.ICE-unix/1739,unix/Elysian:/tmp/.ICE-unix/1739', 'FASTRTPS_DEFAULT_PROFILES_FILE': '/etc/turtlebot4_discovery/fastdds_discovery_super_client.xml', 'INVOCATION_ID': 'a2820da93aa94c22a0bcff0cd3ffd7e6', 'PAPERSIZE': 'a4', 'XDG_MENU_PREFIX': 'gnome-', 'LC_ADDRESS': 'zh_CN.UTF-8', 'VSCODE_PROCESS_TITLE': 'extension-host  [1-1]', 'GNOME_SETUP_DISPLAY': ':1', 'XDG_RUNTIME_DIR': '/run/user/1000', 'GDK_BACKEND': 'x11', 'CURSOR_AGENT': '1', 'DISPLAY': ':0', 'LANG': 'zh_CN.UTF-8', 'XDG_CURRENT_DESKTOP': 'Unity', 'LC_TELEPHONE': 'zh_CN.UTF-8', 'RMW_IMPLEMENTATION': 'rmw_fastrtps_cpp', 'XMODIFIERS': '@im=ibus', 'XDG_SESSION_DESKTOP': 'ubuntu', 'XAUTHORITY': '/run/user/1000/.mutter-Xwaylandauth.2FCNI3', 'LS_COLORS': '', 'CURSOR_TRACE_ID': '4cf07249994346aea09ff6a200ffb03e', 'SSH_AGENT_LAUNCHER': 'gnome-keyring', 'SSH_AUTH_SOCK': '/run/user/1000/keyring/ssh', 'ROS_DOMAIN_ID': '26', 'AMENT_PREFIX_PATH': '/opt/ros/humble', 'ORIGINAL_XDG_CURRENT_DESKTOP': 'ubuntu:GNOME', 'SHELL': '/bin/bash', 'LC_NAME': 'zh_CN.UTF-8', 'RMW_FASTRTPS_USE_QOS_FROM_XML': '1', 'ROS_DISCOVERY_SERVER': '10.42.0.1:11811', 'QT_ACCESSIBILITY': '1', 'GDMSESSION': 'ubuntu', 'LESSCLOSE': '/usr/bin/lesspipe %s %s', 'IGN_GAZEBO_RESOURCE_PATH': '/opt/ros/humble/share', 'LC_MEASUREMENT': 'zh_CN.UTF-8', 'GAZEBO_RESOURCE_PATH': '/opt/ros/humble/share', 'GJS_DEBUG_OUTPUT': 'stderr', 'LC_IDENTIFICATION': 'zh_CN.UTF-8', 'QT_IM_MODULE': 'ibus', 'PWD': '/home/v2v/Desktop/lessons/_normal/RobotPractice/ros2_ws/build/pubsub_package', 'XDG_CONFIG_DIRS': '/etc/xdg/xdg-ubuntu:/etc/xdg', 'VSCODE_CODE_CACHE_PATH': '/home/v2v/.config/Cursor/CachedData/20adc1003928b0f1b99305dbaf845656ff81f5d0', 'XDG_DATA_DIRS': '/usr/share/ubuntu:/usr/local/share/:/usr/share/:/var/lib/snapd/desktop', 'PYTHONPATH': '/home/v2v/Desktop/lessons/_normal/RobotPractice/ros2_ws/build/pubsub_package/prefix_override:/usr/lib/python3/dist-packages/colcon_core/task/python/colcon_distutils_commands:/home/v2v/Desktop/lessons/_normal/RobotPractice/ros2_ws/install/pubsub_package/lib/python3.10/site-packages:/opt/ros/humble/lib/python3.10/site-packages:/opt/ros/humble/local/lib/python3.10/dist-packages', 'LC_NUMERIC': 'zh_CN.UTF-8', 'LC_PAPER': 'zh_CN.UTF-8', 'COLCON': '1', '_ZO_DOCTOR': '0', 'VSCODE_PID': '6512'}, 'shell': False}
[0.400507] (-) TimerEvent: {}
[0.476724] (pubsub_package) StdoutLine: {'line': b'running egg_info\n'}
[0.477107] (pubsub_package) StdoutLine: {'line': b'writing ../build/pubsub_package/pubsub_package.egg-info/PKG-INFO\n'}
[0.477280] (pubsub_package) StdoutLine: {'line': b'writing dependency_links to ../build/pubsub_package/pubsub_package.egg-info/dependency_links.txt\n'}
[0.477317] (pubsub_package) StdoutLine: {'line': b'writing entry points to ../build/pubsub_package/pubsub_package.egg-info/entry_points.txt\n'}
[0.479778] (pubsub_package) StdoutLine: {'line': b'writing requirements to ../build/pubsub_package/pubsub_package.egg-info/requires.txt\n'}
[0.479871] (pubsub_package) StdoutLine: {'line': b'writing top-level names to ../build/pubsub_package/pubsub_package.egg-info/top_level.txt\n'}
[0.481077] (pubsub_package) StdoutLine: {'line': b"reading manifest file '../build/pubsub_package/pubsub_package.egg-info/SOURCES.txt'\n"}
[0.481553] (pubsub_package) StdoutLine: {'line': b"writing manifest file '../build/pubsub_package/pubsub_package.egg-info/SOURCES.txt'\n"}
[0.481585] (pubsub_package) StdoutLine: {'line': b'running build\n'}
[0.481641] (pubsub_package) StdoutLine: {'line': b'running build_py\n'}
[0.481669] (pubsub_package) StdoutLine: {'line': b'copying pubsub_package/global.py -> /home/v2v/Desktop/lessons/_normal/RobotPractice/ros2_ws/build/pubsub_package/build/lib/pubsub_package\n'}
[0.481698] (pubsub_package) StdoutLine: {'line': b'copying pubsub_package/local.py -> /home/v2v/Desktop/lessons/_normal/RobotPractice/ros2_ws/build/pubsub_package/build/lib/pubsub_package\n'}
[0.481976] (pubsub_package) StdoutLine: {'line': b'running install\n'}
[0.482140] (pubsub_package) StdoutLine: {'line': b'running install_lib\n'}
[0.482486] (pubsub_package) StdoutLine: {'line': b'copying /home/v2v/Desktop/lessons/_normal/RobotPractice/ros2_ws/build/pubsub_package/build/lib/pubsub_package/global.py -> /home/v2v/Desktop/lessons/_normal/RobotPractice/ros2_ws/install/pubsub_package/lib/python3.10/site-packages/pubsub_package\n'}
[0.482541] (pubsub_package) StdoutLine: {'line': b'copying /home/v2v/Desktop/lessons/_normal/RobotPractice/ros2_ws/build/pubsub_package/build/lib/pubsub_package/local.py -> /home/v2v/Desktop/lessons/_normal/RobotPractice/ros2_ws/install/pubsub_package/lib/python3.10/site-packages/pubsub_package\n'}
[0.482953] (pubsub_package) StdoutLine: {'line': b'byte-compiling /home/v2v/Desktop/lessons/_normal/RobotPractice/ros2_ws/install/pubsub_package/lib/python3.10/site-packages/pubsub_package/global.py to global.cpython-310.pyc\n'}
[0.483768] (pubsub_package) StdoutLine: {'line': b'byte-compiling /home/v2v/Desktop/lessons/_normal/RobotPractice/ros2_ws/install/pubsub_package/lib/python3.10/site-packages/pubsub_package/local.py to local.cpython-310.pyc\n'}
[0.484891] (pubsub_package) StdoutLine: {'line': b'running install_data\n'}
[0.484965] (pubsub_package) StdoutLine: {'line': b'running install_egg_info\n'}
[0.485992] (pubsub_package) StdoutLine: {'line': b"removing '/home/v2v/Desktop/lessons/_normal/RobotPractice/ros2_ws/install/pubsub_package/lib/python3.10/site-packages/pubsub_package-0.0.0-py3.10.egg-info' (and everything under it)\n"}
[0.486090] (pubsub_package) StdoutLine: {'line': b'Copying ../build/pubsub_package/pubsub_package.egg-info to /home/v2v/Desktop/lessons/_normal/RobotPractice/ros2_ws/install/pubsub_package/lib/python3.10/site-packages/pubsub_package-0.0.0-py3.10.egg-info\n'}
[0.486357] (pubsub_package) StdoutLine: {'line': b'running install_scripts\n'}
[0.499364] (pubsub_package) StdoutLine: {'line': b'Installing global_pub script to /home/v2v/Desktop/lessons/_normal/RobotPractice/ros2_ws/install/pubsub_package/lib/pubsub_package\n'}
[0.499474] (pubsub_package) StdoutLine: {'line': b'Installing local_pub script to /home/v2v/Desktop/lessons/_normal/RobotPractice/ros2_ws/install/pubsub_package/lib/pubsub_package\n'}
[0.499667] (pubsub_package) StdoutLine: {'line': b"writing list of installed files to '/home/v2v/Desktop/lessons/_normal/RobotPractice/ros2_ws/build/pubsub_package/install.log'\n"}
[0.500567] (-) TimerEvent: {}
[0.514294] (pubsub_package) CommandEnded: {'returncode': 0}
[0.520128] (pubsub_package) JobEnded: {'identifier': 'pubsub_package', 'rc': 0}
[0.520472] (-) EventReactorShutdown: {}
