[0.491s] Invoking command in '/home/v2v/Desktop/lessons/_normal/RobotPractice/ros2_ws/pubsub_package': PYTHONPATH=/home/v2v/Desktop/lessons/_normal/RobotPractice/ros2_ws/build/pubsub_package/prefix_override:/usr/lib/python3/dist-packages/colcon_core/task/python/colcon_distutils_commands:/home/v2v/Desktop/lessons/_normal/RobotPractice/ros2_ws/install/pubsub_package/lib/python3.10/site-packages:${PYTHONPATH} /usr/bin/python3 -W ignore:setup.py install is deprecated -W ignore:easy_install command is deprecated setup.py egg_info --egg-base ../build/pubsub_package build --build-base /home/v2v/Desktop/lessons/_normal/RobotPractice/ros2_ws/build/pubsub_package/build install --record /home/v2v/Desktop/lessons/_normal/RobotPractice/ros2_ws/build/pubsub_package/install.log --single-version-externally-managed install_data
[0.615s] running egg_info
[0.615s] writing ../build/pubsub_package/pubsub_package.egg-info/PKG-INFO
[0.615s] writing dependency_links to ../build/pubsub_package/pubsub_package.egg-info/dependency_links.txt
[0.616s] writing entry points to ../build/pubsub_package/pubsub_package.egg-info/entry_points.txt
[0.616s] writing requirements to ../build/pubsub_package/pubsub_package.egg-info/requires.txt
[0.616s] writing top-level names to ../build/pubsub_package/pubsub_package.egg-info/top_level.txt
[0.617s] reading manifest file '../build/pubsub_package/pubsub_package.egg-info/SOURCES.txt'
[0.618s] writing manifest file '../build/pubsub_package/pubsub_package.egg-info/SOURCES.txt'
[0.618s] running build
[0.618s] running build_py
[0.618s] copying pubsub_package/global.py -> /home/v2v/Desktop/lessons/_normal/RobotPractice/ros2_ws/build/pubsub_package/build/lib/pubsub_package
[0.619s] copying pubsub_package/planner/rrt_star.py -> /home/v2v/Desktop/lessons/_normal/RobotPractice/ros2_ws/build/pubsub_package/build/lib/pubsub_package/planner
[0.619s] running install
[0.619s] running install_lib
[0.620s] copying /home/v2v/Desktop/lessons/_normal/RobotPractice/ros2_ws/build/pubsub_package/build/lib/pubsub_package/global.py -> /home/v2v/Desktop/lessons/_normal/RobotPractice/ros2_ws/install/pubsub_package/lib/python3.10/site-packages/pubsub_package
[0.620s] copying /home/v2v/Desktop/lessons/_normal/RobotPractice/ros2_ws/build/pubsub_package/build/lib/pubsub_package/planner/rrt_star.py -> /home/v2v/Desktop/lessons/_normal/RobotPractice/ros2_ws/install/pubsub_package/lib/python3.10/site-packages/pubsub_package/planner
[0.621s] byte-compiling /home/v2v/Desktop/lessons/_normal/RobotPractice/ros2_ws/install/pubsub_package/lib/python3.10/site-packages/pubsub_package/global.py to global.cpython-310.pyc
[0.622s] byte-compiling /home/v2v/Desktop/lessons/_normal/RobotPractice/ros2_ws/install/pubsub_package/lib/python3.10/site-packages/pubsub_package/planner/rrt_star.py to rrt_star.cpython-310.pyc
[0.624s] running install_data
[0.624s] running install_egg_info
[0.625s] removing '/home/v2v/Desktop/lessons/_normal/RobotPractice/ros2_ws/install/pubsub_package/lib/python3.10/site-packages/pubsub_package-0.0.0-py3.10.egg-info' (and everything under it)
[0.625s] Copying ../build/pubsub_package/pubsub_package.egg-info to /home/v2v/Desktop/lessons/_normal/RobotPractice/ros2_ws/install/pubsub_package/lib/python3.10/site-packages/pubsub_package-0.0.0-py3.10.egg-info
[0.626s] running install_scripts
[0.638s] Installing global_pub script to /home/v2v/Desktop/lessons/_normal/RobotPractice/ros2_ws/install/pubsub_package/lib/pubsub_package
[0.638s] Installing local_pub script to /home/v2v/Desktop/lessons/_normal/RobotPractice/ros2_ws/install/pubsub_package/lib/pubsub_package
[0.638s] writing list of installed files to '/home/v2v/Desktop/lessons/_normal/RobotPractice/ros2_ws/build/pubsub_package/install.log'
[0.652s] Invoked command in '/home/v2v/Desktop/lessons/_normal/RobotPractice/ros2_ws/pubsub_package' returned '0': PYTHONPATH=/home/v2v/Desktop/lessons/_normal/RobotPractice/ros2_ws/build/pubsub_package/prefix_override:/usr/lib/python3/dist-packages/colcon_core/task/python/colcon_distutils_commands:/home/v2v/Desktop/lessons/_normal/RobotPractice/ros2_ws/install/pubsub_package/lib/python3.10/site-packages:${PYTHONPATH} /usr/bin/python3 -W ignore:setup.py install is deprecated -W ignore:easy_install command is deprecated setup.py egg_info --egg-base ../build/pubsub_package build --build-base /home/v2v/Desktop/lessons/_normal/RobotPractice/ros2_ws/build/pubsub_package/build install --record /home/v2v/Desktop/lessons/_normal/RobotPractice/ros2_ws/build/pubsub_package/install.log --single-version-externally-managed install_data
