[0.536s] Invoking command in '/home/v2v/Desktop/lessons/_normal/RobotPractice/ros2_ws/pubsub_package': PYTHONPATH=/home/v2v/Desktop/lessons/_normal/RobotPractice/ros2_ws/build/pubsub_package/prefix_override:/usr/lib/python3/dist-packages/colcon_core/task/python/colcon_distutils_commands:/home/v2v/Desktop/lessons/_normal/RobotPractice/ros2_ws/install/pubsub_package/lib/python3.10/site-packages:${PYTHONPATH} /usr/bin/python3 -W ignore:setup.py install is deprecated -W ignore:easy_install command is deprecated setup.py egg_info --egg-base ../build/pubsub_package build --build-base /home/v2v/Desktop/lessons/_normal/RobotPractice/ros2_ws/build/pubsub_package/build install --record /home/v2v/Desktop/lessons/_normal/RobotPractice/ros2_ws/build/pubsub_package/install.log --single-version-externally-managed install_data
[0.709s] running egg_info
[0.709s] creating ../build/pubsub_package/pubsub_package.egg-info
[0.709s] writing ../build/pubsub_package/pubsub_package.egg-info/PKG-INFO
[0.710s] writing dependency_links to ../build/pubsub_package/pubsub_package.egg-info/dependency_links.txt
[0.710s] writing entry points to ../build/pubsub_package/pubsub_package.egg-info/entry_points.txt
[0.710s] writing requirements to ../build/pubsub_package/pubsub_package.egg-info/requires.txt
[0.710s] writing top-level names to ../build/pubsub_package/pubsub_package.egg-info/top_level.txt
[0.710s] writing manifest file '../build/pubsub_package/pubsub_package.egg-info/SOURCES.txt'
[0.711s] reading manifest file '../build/pubsub_package/pubsub_package.egg-info/SOURCES.txt'
[0.712s] writing manifest file '../build/pubsub_package/pubsub_package.egg-info/SOURCES.txt'
[0.712s] running build
[0.712s] running build_py
[0.712s] creating /home/v2v/Desktop/lessons/_normal/RobotPractice/ros2_ws/build/pubsub_package/build
[0.712s] creating /home/v2v/Desktop/lessons/_normal/RobotPractice/ros2_ws/build/pubsub_package/build/lib
[0.712s] creating /home/v2v/Desktop/lessons/_normal/RobotPractice/ros2_ws/build/pubsub_package/build/lib/pubsub_package
[0.712s] copying pubsub_package/global.py -> /home/v2v/Desktop/lessons/_normal/RobotPractice/ros2_ws/build/pubsub_package/build/lib/pubsub_package
[0.712s] copying pubsub_package/local.py -> /home/v2v/Desktop/lessons/_normal/RobotPractice/ros2_ws/build/pubsub_package/build/lib/pubsub_package
[0.713s] copying pubsub_package/__init__.py -> /home/v2v/Desktop/lessons/_normal/RobotPractice/ros2_ws/build/pubsub_package/build/lib/pubsub_package
[0.713s] creating /home/v2v/Desktop/lessons/_normal/RobotPractice/ros2_ws/build/pubsub_package/build/lib/pubsub_package/planner
[0.713s] copying pubsub_package/planner/dwa.py -> /home/v2v/Desktop/lessons/_normal/RobotPractice/ros2_ws/build/pubsub_package/build/lib/pubsub_package/planner
[0.713s] copying pubsub_package/planner/__init__.py -> /home/v2v/Desktop/lessons/_normal/RobotPractice/ros2_ws/build/pubsub_package/build/lib/pubsub_package/planner
[0.713s] copying pubsub_package/planner/rrt_star.py -> /home/v2v/Desktop/lessons/_normal/RobotPractice/ros2_ws/build/pubsub_package/build/lib/pubsub_package/planner
[0.713s] running install
[0.713s] running install_lib
[0.714s] creating /home/v2v/Desktop/lessons/_normal/RobotPractice/ros2_ws/install/pubsub_package/lib/python3.10/site-packages/pubsub_package
[0.714s] copying /home/v2v/Desktop/lessons/_normal/RobotPractice/ros2_ws/build/pubsub_package/build/lib/pubsub_package/global.py -> /home/v2v/Desktop/lessons/_normal/RobotPractice/ros2_ws/install/pubsub_package/lib/python3.10/site-packages/pubsub_package
[0.714s] copying /home/v2v/Desktop/lessons/_normal/RobotPractice/ros2_ws/build/pubsub_package/build/lib/pubsub_package/local.py -> /home/v2v/Desktop/lessons/_normal/RobotPractice/ros2_ws/install/pubsub_package/lib/python3.10/site-packages/pubsub_package
[0.714s] creating /home/v2v/Desktop/lessons/_normal/RobotPractice/ros2_ws/install/pubsub_package/lib/python3.10/site-packages/pubsub_package/planner
[0.714s] copying /home/v2v/Desktop/lessons/_normal/RobotPractice/ros2_ws/build/pubsub_package/build/lib/pubsub_package/planner/dwa.py -> /home/v2v/Desktop/lessons/_normal/RobotPractice/ros2_ws/install/pubsub_package/lib/python3.10/site-packages/pubsub_package/planner
[0.714s] copying /home/v2v/Desktop/lessons/_normal/RobotPractice/ros2_ws/build/pubsub_package/build/lib/pubsub_package/planner/__init__.py -> /home/v2v/Desktop/lessons/_normal/RobotPractice/ros2_ws/install/pubsub_package/lib/python3.10/site-packages/pubsub_package/planner
[0.714s] copying /home/v2v/Desktop/lessons/_normal/RobotPractice/ros2_ws/build/pubsub_package/build/lib/pubsub_package/planner/rrt_star.py -> /home/v2v/Desktop/lessons/_normal/RobotPractice/ros2_ws/install/pubsub_package/lib/python3.10/site-packages/pubsub_package/planner
[0.714s] copying /home/v2v/Desktop/lessons/_normal/RobotPractice/ros2_ws/build/pubsub_package/build/lib/pubsub_package/__init__.py -> /home/v2v/Desktop/lessons/_normal/RobotPractice/ros2_ws/install/pubsub_package/lib/python3.10/site-packages/pubsub_package
[0.715s] byte-compiling /home/v2v/Desktop/lessons/_normal/RobotPractice/ros2_ws/install/pubsub_package/lib/python3.10/site-packages/pubsub_package/global.py to global.cpython-310.pyc
[0.716s] byte-compiling /home/v2v/Desktop/lessons/_normal/RobotPractice/ros2_ws/install/pubsub_package/lib/python3.10/site-packages/pubsub_package/local.py to local.cpython-310.pyc
[0.718s] byte-compiling /home/v2v/Desktop/lessons/_normal/RobotPractice/ros2_ws/install/pubsub_package/lib/python3.10/site-packages/pubsub_package/planner/dwa.py to dwa.cpython-310.pyc
[0.718s] byte-compiling /home/v2v/Desktop/lessons/_normal/RobotPractice/ros2_ws/install/pubsub_package/lib/python3.10/site-packages/pubsub_package/planner/__init__.py to __init__.cpython-310.pyc
[0.718s] byte-compiling /home/v2v/Desktop/lessons/_normal/RobotPractice/ros2_ws/install/pubsub_package/lib/python3.10/site-packages/pubsub_package/planner/rrt_star.py to rrt_star.cpython-310.pyc
[0.719s] byte-compiling /home/v2v/Desktop/lessons/_normal/RobotPractice/ros2_ws/install/pubsub_package/lib/python3.10/site-packages/pubsub_package/__init__.py to __init__.cpython-310.pyc
[0.719s] running install_data
[0.719s] creating /home/v2v/Desktop/lessons/_normal/RobotPractice/ros2_ws/install/pubsub_package/share/ament_index
[0.719s] creating /home/v2v/Desktop/lessons/_normal/RobotPractice/ros2_ws/install/pubsub_package/share/ament_index/resource_index
[0.719s] creating /home/v2v/Desktop/lessons/_normal/RobotPractice/ros2_ws/install/pubsub_package/share/ament_index/resource_index/packages
[0.719s] copying resource/pubsub_package -> /home/v2v/Desktop/lessons/_normal/RobotPractice/ros2_ws/install/pubsub_package/share/ament_index/resource_index/packages
[0.719s] copying package.xml -> /home/v2v/Desktop/lessons/_normal/RobotPractice/ros2_ws/install/pubsub_package/share/pubsub_package
[0.719s] running install_egg_info
[0.720s] Copying ../build/pubsub_package/pubsub_package.egg-info to /home/v2v/Desktop/lessons/_normal/RobotPractice/ros2_ws/install/pubsub_package/lib/python3.10/site-packages/pubsub_package-0.0.0-py3.10.egg-info
[0.721s] running install_scripts
[0.739s] Installing global_pub script to /home/v2v/Desktop/lessons/_normal/RobotPractice/ros2_ws/install/pubsub_package/lib/pubsub_package
[0.739s] Installing local_pub script to /home/v2v/Desktop/lessons/_normal/RobotPractice/ros2_ws/install/pubsub_package/lib/pubsub_package
[0.739s] writing list of installed files to '/home/v2v/Desktop/lessons/_normal/RobotPractice/ros2_ws/build/pubsub_package/install.log'
[0.756s] Invoked command in '/home/v2v/Desktop/lessons/_normal/RobotPractice/ros2_ws/pubsub_package' returned '0': PYTHONPATH=/home/v2v/Desktop/lessons/_normal/RobotPractice/ros2_ws/build/pubsub_package/prefix_override:/usr/lib/python3/dist-packages/colcon_core/task/python/colcon_distutils_commands:/home/v2v/Desktop/lessons/_normal/RobotPractice/ros2_ws/install/pubsub_package/lib/python3.10/site-packages:${PYTHONPATH} /usr/bin/python3 -W ignore:setup.py install is deprecated -W ignore:easy_install command is deprecated setup.py egg_info --egg-base ../build/pubsub_package build --build-base /home/v2v/Desktop/lessons/_normal/RobotPractice/ros2_ws/build/pubsub_package/build install --record /home/v2v/Desktop/lessons/_normal/RobotPractice/ros2_ws/build/pubsub_package/install.log --single-version-externally-managed install_data
