[0.316s] Invoking command in '/home/v2v/Desktop/lessons/_normal/RobotPractice/ros2_ws/pubsub_package': PYTHONPATH=/home/v2v/Desktop/lessons/_normal/RobotPractice/ros2_ws/build/pubsub_package/prefix_override:/usr/lib/python3/dist-packages/colcon_core/task/python/colcon_distutils_commands:/home/v2v/Desktop/lessons/_normal/RobotPractice/ros2_ws/install/pubsub_package/lib/python3.10/site-packages:${PYTHONPATH} /usr/bin/python3 -W ignore:setup.py install is deprecated -W ignore:easy_install command is deprecated setup.py egg_info --egg-base ../build/pubsub_package build --build-base /home/v2v/Desktop/lessons/_normal/RobotPractice/ros2_ws/build/pubsub_package/build install --record /home/v2v/Desktop/lessons/_normal/RobotPractice/ros2_ws/build/pubsub_package/install.log --single-version-externally-managed install_data
[0.439s] running egg_info
[0.440s] writing ../build/pubsub_package/pubsub_package.egg-info/PKG-INFO
[0.440s] writing dependency_links to ../build/pubsub_package/pubsub_package.egg-info/dependency_links.txt
[0.440s] writing entry points to ../build/pubsub_package/pubsub_package.egg-info/entry_points.txt
[0.440s] writing requirements to ../build/pubsub_package/pubsub_package.egg-info/requires.txt
[0.441s] writing top-level names to ../build/pubsub_package/pubsub_package.egg-info/top_level.txt
[0.441s] reading manifest file '../build/pubsub_package/pubsub_package.egg-info/SOURCES.txt'
[0.442s] writing manifest file '../build/pubsub_package/pubsub_package.egg-info/SOURCES.txt'
[0.442s] running build
[0.442s] running build_py
[0.443s] running install
[0.443s] running install_lib
[0.443s] running install_data
[0.443s] running install_egg_info
[0.444s] removing '/home/v2v/Desktop/lessons/_normal/RobotPractice/ros2_ws/install/pubsub_package/lib/python3.10/site-packages/pubsub_package-0.0.0-py3.10.egg-info' (and everything under it)
[0.445s] Copying ../build/pubsub_package/pubsub_package.egg-info to /home/v2v/Desktop/lessons/_normal/RobotPractice/ros2_ws/install/pubsub_package/lib/python3.10/site-packages/pubsub_package-0.0.0-py3.10.egg-info
[0.445s] running install_scripts
[0.458s] Installing global_pub script to /home/v2v/Desktop/lessons/_normal/RobotPractice/ros2_ws/install/pubsub_package/lib/pubsub_package
[0.458s] Installing local_pub script to /home/v2v/Desktop/lessons/_normal/RobotPractice/ros2_ws/install/pubsub_package/lib/pubsub_package
[0.458s] writing list of installed files to '/home/v2v/Desktop/lessons/_normal/RobotPractice/ros2_ws/build/pubsub_package/install.log'
[0.472s] Invoked command in '/home/v2v/Desktop/lessons/_normal/RobotPractice/ros2_ws/pubsub_package' returned '0': PYTHONPATH=/home/v2v/Desktop/lessons/_normal/RobotPractice/ros2_ws/build/pubsub_package/prefix_override:/usr/lib/python3/dist-packages/colcon_core/task/python/colcon_distutils_commands:/home/v2v/Desktop/lessons/_normal/RobotPractice/ros2_ws/install/pubsub_package/lib/python3.10/site-packages:${PYTHONPATH} /usr/bin/python3 -W ignore:setup.py install is deprecated -W ignore:easy_install command is deprecated setup.py egg_info --egg-base ../build/pubsub_package build --build-base /home/v2v/Desktop/lessons/_normal/RobotPractice/ros2_ws/build/pubsub_package/build install --record /home/v2v/Desktop/lessons/_normal/RobotPractice/ros2_ws/build/pubsub_package/install.log --single-version-externally-managed install_data
